[    87.217] (--) Log file renamed from "/home/student/.local/share/xorg/Xorg.pid-1592.log" to "/home/student/.local/share/xorg/Xorg.0.log"
[    87.218] 
X.Org X Server 1.20.13
X Protocol Version 11, Revision 0
[    87.218] Build Operating System: linux Ubuntu
[    87.218] Current Operating System: Linux 6312vm-csr21 5.11.0-43-generic #47~20.04.2-Ubuntu SMP Mon Dec 13 11:06:56 UTC 2021 x86_64
[    87.218] Kernel command line: BOOT_IMAGE=/boot/vmlinuz-5.11.0-43-generic root=UUID=da74d21f-a780-40d2-a8a4-5ecdc2107e8c ro quiet splash
[    87.218] Build Date: 14 December 2021  02:14:13PM
[    87.218] xorg-server 2:1.20.13-1ubuntu1~20.04.2 (For technical support please see http://www.ubuntu.com/support) 
[    87.218] Current version of pixman: 0.38.4
[    87.218] 	Before reporting problems, check http://wiki.x.org
	to make sure that you have the latest version.
[    87.218] Markers: (--) probed, (**) from config file, (==) default setting,
	(++) from command line, (!!) notice, (II) informational,
	(WW) warning, (EE) error, (NI) not implemented, (??) unknown.
[    87.218] (==) Log file: "/home/student/.local/share/xorg/Xorg.0.log", Time: Sun Jan 16 19:48:20 2022
[    87.230] (==) Using system config directory "/usr/share/X11/xorg.conf.d"
[    87.264] (==) No Layout section.  Using the first Screen section.
[    87.264] (==) No screen section available. Using defaults.
[    87.264] (**) |-->Screen "Default Screen Section" (0)
[    87.264] (**) |   |-->Monitor "<default monitor>"
[    87.268] (==) No monitor specified for screen "Default Screen Section".
	Using a default monitor configuration.
[    87.268] (==) Automatically adding devices
[    87.268] (==) Automatically enabling devices
[    87.268] (==) Automatically adding GPU devices
[    87.268] (==) Automatically binding GPU devices
[    87.268] (==) Max clients allowed: 256, resource mask: 0x1fffff
[    87.269] (WW) The directory "/usr/share/fonts/X11/cyrillic" does not exist.
[    87.269] 	Entry deleted from font path.
[    87.269] (WW) The directory "/usr/share/fonts/X11/100dpi/" does not exist.
[    87.269] 	Entry deleted from font path.
[    87.269] (WW) The directory "/usr/share/fonts/X11/75dpi/" does not exist.
[    87.269] 	Entry deleted from font path.
[    87.269] (WW) The directory "/usr/share/fonts/X11/100dpi" does not exist.
[    87.269] 	Entry deleted from font path.
[    87.269] (WW) The directory "/usr/share/fonts/X11/75dpi" does not exist.
[    87.269] 	Entry deleted from font path.
[    87.269] (==) FontPath set to:
	/usr/share/fonts/X11/misc,
	/usr/share/fonts/X11/Type1,
	built-ins
[    87.269] (==) ModulePath set to "/usr/lib/xorg/modules"
[    87.269] (II) The server relies on udev to provide the list of input devices.
	If no devices become available, reconfigure udev or disable AutoAddDevices.
[    87.269] (II) Loader magic: 0x558ce9308020
[    87.269] (II) Module ABI versions:
[    87.269] 	X.Org ANSI C Emulation: 0.4
[    87.269] 	X.Org Video Driver: 24.1
[    87.269] 	X.Org XInput driver : 24.1
[    87.269] 	X.Org Server Extension : 10.0
[    87.278] (++) using VT number 2

[    87.311] (II) systemd-logind: took control of session /org/freedesktop/login1/session/_32
[    87.314] (II) xfree86: Adding drm device (/dev/dri/card0)
[    87.320] (II) systemd-logind: got fd for /dev/dri/card0 226:0 fd 12 paused 0
[    87.343] (--) PCI:*(0@0:15:0) 15ad:0405:15ad:0405 rev 0, Mem @ 0xe8000000/134217728, 0xfe000000/8388608, I/O @ 0x00001070/16, BIOS @ 0x????????/131072
[    87.344] (II) LoadModule: "glx"
[    87.352] (II) Loading /usr/lib/xorg/modules/extensions/libglx.so
[    87.394] (II) Module glx: vendor="X.Org Foundation"
[    87.394] 	compiled for 1.20.13, module version = 1.0.0
[    87.394] 	ABI class: X.Org Server Extension, version 10.0
[    87.394] (==) Matched vmware as autoconfigured driver 0
[    87.394] (==) Matched modesetting as autoconfigured driver 1
[    87.394] (==) Matched fbdev as autoconfigured driver 2
[    87.394] (==) Matched vesa as autoconfigured driver 3
[    87.394] (==) Assigned the driver to the xf86ConfigLayout
[    87.394] (II) LoadModule: "vmware"
[    87.394] (II) Loading /usr/lib/xorg/modules/drivers/vmware_drv.so
[    87.708] (II) Module vmware: vendor="X.Org Foundation"
[    87.708] 	compiled for 1.20.8, module version = 13.3.0
[    87.709] 	Module class: X.Org Video Driver
[    87.709] 	ABI class: X.Org Video Driver, version 24.1
[    87.709] (II) LoadModule: "modesetting"
[    87.710] (II) Loading /usr/lib/xorg/modules/drivers/modesetting_drv.so
[    87.725] (II) Module modesetting: vendor="X.Org Foundation"
[    87.725] 	compiled for 1.20.13, module version = 1.20.13
[    87.725] 	Module class: X.Org Video Driver
[    87.726] 	ABI class: X.Org Video Driver, version 24.1
[    87.726] (II) LoadModule: "fbdev"
[    87.726] (II) Loading /usr/lib/xorg/modules/drivers/fbdev_drv.so
[    87.738] (II) Module fbdev: vendor="X.Org Foundation"
[    87.738] 	compiled for 1.20.1, module version = 0.5.0
[    87.738] 	Module class: X.Org Video Driver
[    87.739] 	ABI class: X.Org Video Driver, version 24.0
[    87.739] (II) LoadModule: "vesa"
[    87.741] (II) Loading /usr/lib/xorg/modules/drivers/vesa_drv.so
[    87.743] (II) Module vesa: vendor="X.Org Foundation"
[    87.743] 	compiled for 1.20.4, module version = 2.4.0
[    87.743] 	Module class: X.Org Video Driver
[    87.743] 	ABI class: X.Org Video Driver, version 24.0
[    87.744] (II) vmware: driver for VMware SVGA: vmware0405, vmware0710
[    87.744] (II) modesetting: Driver for Modesetting Kernel Drivers: kms
[    87.745] (II) FBDEV: driver for framebuffer: fbdev
[    87.745] (II) VESA: driver for VESA chipsets: vesa
[    87.746] xf86EnableIOPorts: failed to set IOPL for I/O (Operation not permitted)
[    87.746] (WW) Falling back to old probe method for modesetting
[    87.746] (WW) Falling back to old probe method for fbdev
[    87.746] (II) Loading sub module "fbdevhw"
[    87.746] (II) LoadModule: "fbdevhw"
[    87.747] (II) Loading /usr/lib/xorg/modules/libfbdevhw.so
[    87.757] (II) Module fbdevhw: vendor="X.Org Foundation"
[    87.757] 	compiled for 1.20.13, module version = 0.0.2
[    87.757] 	ABI class: X.Org Video Driver, version 24.1
[    87.757] (EE) open /dev/fb0: Permission denied
[    87.758] (WW) VGA arbiter: cannot open kernel arbiter, no multi-card support
[    87.758] (II) vmware(0): Creating default Display subsection in Screen section
	"Default Screen Section" for depth/fbbpp 24/32
[    87.758] (--) vmware(0): DRM driver version is 2.18.0
[    87.758] (==) vmware(0): Depth 24, (--) framebuffer bpp 32
[    87.759] (==) vmware(0): RGB weight 888
[    87.759] (==) vmware(0): Default visual is TrueColor
[    87.759] (--) vmware(0): Min width 1, Max Width 8192.
[    87.760] (--) vmware(0): Min height 1, Max Height 8192.
[    87.760] (II) vmware(0): Output Virtual1 has no monitor section
[    87.761] (II) vmware(0): Output Virtual2 has no monitor section
[    87.761] (II) vmware(0): Output Virtual3 has no monitor section
[    87.761] (II) vmware(0): Output Virtual4 has no monitor section
[    87.762] (II) vmware(0): Output Virtual5 has no monitor section
[    87.762] (II) vmware(0): Output Virtual6 has no monitor section
[    87.762] (II) vmware(0): Output Virtual7 has no monitor section
[    87.762] (II) vmware(0): Output Virtual8 has no monitor section
[    87.762] (II) vmware(0): Printing probed modes for output Virtual1
[    87.762] (II) vmware(0): Modeline "800x600"x60.0   42.75  800 850 900 950  600 650 700 750 -hsync +vsync (45.0 kHz eP)
[    87.762] (II) vmware(0): Modeline "1360x768"x60.0   85.50  1360 1424 1536 1792  768 771 777 795 +hsync +vsync (47.7 kHz e)
[    87.762] (II) vmware(0): Modeline "1280x800"x59.8   83.50  1280 1352 1480 1680  800 803 809 831 +hsync -vsync (49.7 kHz e)
[    87.762] (II) vmware(0): Modeline "1152x864"x75.0  108.00  1152 1216 1344 1600  864 865 868 900 +hsync +vsync (67.5 kHz e)
[    87.762] (II) vmware(0): Modeline "1280x768"x59.9   79.50  1280 1344 1472 1664  768 771 778 798 -hsync +vsync (47.8 kHz e)
[    87.762] (II) vmware(0): Modeline "1024x768"x60.0   65.00  1024 1048 1184 1344  768 771 777 806 -hsync -vsync (48.4 kHz e)
[    87.762] (II) vmware(0): Modeline "800x600"x60.3   40.00  800 840 968 1056  600 601 605 628 +hsync +vsync (37.9 kHz e)
[    87.762] (II) vmware(0): Modeline "640x480"x59.9   25.18  640 656 752 800  480 489 492 525 -hsync -vsync (31.5 kHz e)
[    87.762] (II) vmware(0): EDID for output Virtual2
[    87.762] (II) vmware(0): EDID for output Virtual3
[    87.763] (II) vmware(0): EDID for output Virtual4
[    87.763] (II) vmware(0): EDID for output Virtual5
[    87.763] (II) vmware(0): EDID for output Virtual6
[    87.763] (II) vmware(0): EDID for output Virtual7
[    87.763] (II) vmware(0): EDID for output Virtual8
[    87.763] (II) vmware(0): Output Virtual1 connected
[    87.763] (II) vmware(0): Output Virtual2 disconnected
[    87.763] (II) vmware(0): Output Virtual3 disconnected
[    87.763] (II) vmware(0): Output Virtual4 disconnected
[    87.763] (II) vmware(0): Output Virtual5 disconnected
[    87.763] (II) vmware(0): Output Virtual6 disconnected
[    87.763] (II) vmware(0): Output Virtual7 disconnected
[    87.763] (II) vmware(0): Output Virtual8 disconnected
[    87.763] (II) vmware(0): Using exact sizes for initial modes
[    87.763] (II) vmware(0): Output Virtual1 using initial mode 800x600 +0+0
[    87.763] (==) vmware(0): DPI set to (96, 96)
[    87.763] (==) vmware(0): Using gamma correction (1.0, 1.0, 1.0)
[    87.763] (II) Loading sub module "fb"
[    87.763] (II) LoadModule: "fb"
[    87.763] (II) Loading /usr/lib/xorg/modules/libfb.so
[    87.772] (II) Module fb: vendor="X.Org Foundation"
[    87.772] 	compiled for 1.20.13, module version = 1.0.0
[    87.772] 	ABI class: X.Org ANSI C Emulation, version 0.4
[    87.772] (II) Loading sub module "dri2"
[    87.772] (II) LoadModule: "dri2"
[    87.772] (II) Module "dri2" already built-in
[    87.772] (II) Loading sub module "dri3"
[    87.772] (II) LoadModule: "dri3"
[    87.772] (II) Module "dri3" already built-in
[    87.772] (II) UnloadModule: "modesetting"
[    87.773] (II) Unloading modesetting
[    87.773] (II) UnloadModule: "fbdev"
[    87.773] (II) Unloading fbdev
[    87.773] (II) UnloadSubModule: "fbdevhw"
[    87.773] (II) Unloading fbdevhw
[    87.773] (II) UnloadModule: "vesa"
[    87.773] (II) Unloading vesa
[    87.791] (II) vmware(0): Initialized VMWARE_CTRL extension version 0.2
[    87.815] (WW) vmware(0): Failed to initialize Gallium3D Xa. No render acceleration available.
[    87.815] (WW) vmware(0): Skipped initialization of direct rendering due to lack of render acceleration.
[    87.816] (--) vmware(0): Render acceleration is disabled.
[    87.816] (==) vmware(0): Rendercheck mode is disabled.
[    87.816] (--) vmware(0): Direct rendering (DRI2 3D) is disabled.
[    87.816] (--) vmware(0): Direct rendering (DRI3 3D) is disabled.
[    87.817] (==) vmware(0): Backing store enabled
[    87.817] (==) vmware(0): Silken mouse enabled
[    87.820] (==) vmware(0): DPMS enabled
[    87.821] (II) vmware(0): No 3D acceleration. Not setting up textured video.
[    87.821] (II) Initializing extension Generic Event Extension
[    87.821] (II) Initializing extension SHAPE
[    87.822] (II) Initializing extension MIT-SHM
[    87.822] (II) Initializing extension XInputExtension
[    87.823] (II) Initializing extension XTEST
[    87.824] (II) Initializing extension BIG-REQUESTS
[    87.824] (II) Initializing extension SYNC
[    87.825] (II) Initializing extension XKEYBOARD
[    87.825] (II) Initializing extension XC-MISC
[    87.825] (II) Initializing extension SECURITY
[    87.826] (II) Initializing extension XFIXES
[    87.826] (II) Initializing extension RENDER
[    87.828] (II) Initializing extension RANDR
[    87.829] (II) Initializing extension COMPOSITE
[    87.829] (II) Initializing extension DAMAGE
[    87.830] (II) Initializing extension MIT-SCREEN-SAVER
[    87.830] (II) Initializing extension DOUBLE-BUFFER
[    87.830] (II) Initializing extension RECORD
[    87.831] (II) Initializing extension DPMS
[    87.831] (II) Initializing extension Present
[    87.831] (II) Initializing extension DRI3
[    87.832] (II) Initializing extension X-Resource
[    87.832] (II) Initializing extension XVideo
[    87.834] (II) Initializing extension XVideo-MotionCompensation
[    87.834] (II) Initializing extension SELinux
[    87.834] (II) SELinux: Disabled on system
[    87.835] (II) Initializing extension GLX
[    87.837] (II) AIGLX: Screen 0 is not DRI2 capable
[    87.853] (II) IGLX: Loaded and initialized swrast
[    87.853] (II) GLX: Initialized DRISWRAST GL provider for screen 0
[    87.853] (II) Initializing extension XFree86-VidModeExtension
[    87.854] (II) Initializing extension XFree86-DGA
[    87.854] (II) Initializing extension XFree86-DRI
[    87.855] (II) Initializing extension DRI2
[    87.857] (II) vmware(0): Setting screen physical size to 211 x 158
[    87.918] (II) config/udev: Adding input device Power Button (/dev/input/event0)
[    87.918] (**) Power Button: Applying InputClass "libinput keyboard catchall"
[    87.918] (II) LoadModule: "libinput"
[    87.919] (II) Loading /usr/lib/xorg/modules/input/libinput_drv.so
[    87.940] (II) Module libinput: vendor="X.Org Foundation"
[    87.940] 	compiled for 1.20.4, module version = 0.29.0
[    87.940] 	Module class: X.Org XInput Driver
[    87.941] 	ABI class: X.Org XInput driver, version 24.1
[    87.941] (II) Using input driver 'libinput' for 'Power Button'
[    87.946] (II) systemd-logind: got fd for /dev/input/event0 13:64 fd 20 paused 0
[    87.946] (**) Power Button: always reports core events
[    87.946] (**) Option "Device" "/dev/input/event0"
[    87.946] (**) Option "_source" "server/udev"
[    87.959] (II) event0  - Power Button: is tagged by udev as: Keyboard
[    87.959] (II) event0  - Power Button: device is a keyboard
[    87.959] (II) event0  - Power Button: device removed
[    87.959] (**) Option "config_info" "udev:/sys/devices/LNXSYSTM:00/LNXPWRBN:00/input/input0/event0"
[    87.959] (II) XINPUT: Adding extended input device "Power Button" (type: KEYBOARD, id 6)
[    87.959] (**) Option "xkb_model" "pc105"
[    87.959] (**) Option "xkb_layout" "us"
[    87.965] (II) event0  - Power Button: is tagged by udev as: Keyboard
[    87.965] (II) event0  - Power Button: device is a keyboard
[    87.967] (II) config/udev: Adding input device AT Translated Set 2 keyboard (/dev/input/event1)
[    87.967] (**) AT Translated Set 2 keyboard: Applying InputClass "libinput keyboard catchall"
[    87.967] (II) Using input driver 'libinput' for 'AT Translated Set 2 keyboard'
[    87.972] (II) systemd-logind: got fd for /dev/input/event1 13:65 fd 23 paused 0
[    87.972] (**) AT Translated Set 2 keyboard: always reports core events
[    87.972] (**) Option "Device" "/dev/input/event1"
[    87.972] (**) Option "_source" "server/udev"
[    87.974] (II) event1  - AT Translated Set 2 keyboard: is tagged by udev as: Keyboard
[    87.974] (II) event1  - AT Translated Set 2 keyboard: device is a keyboard
[    87.975] (II) event1  - AT Translated Set 2 keyboard: device removed
[    87.975] (**) Option "config_info" "udev:/sys/devices/platform/i8042/serio0/input/input1/event1"
[    87.975] (II) XINPUT: Adding extended input device "AT Translated Set 2 keyboard" (type: KEYBOARD, id 7)
[    87.975] (**) Option "xkb_model" "pc105"
[    87.975] (**) Option "xkb_layout" "us"
[    87.981] (II) event1  - AT Translated Set 2 keyboard: is tagged by udev as: Keyboard
[    87.981] (II) event1  - AT Translated Set 2 keyboard: device is a keyboard
[    87.982] (II) config/udev: Adding input device VirtualPS/2 VMware VMMouse (/dev/input/event3)
[    87.982] (**) VirtualPS/2 VMware VMMouse: Applying InputClass "libinput pointer catchall"
[    87.982] (II) Using input driver 'libinput' for 'VirtualPS/2 VMware VMMouse'
[    87.997] (II) systemd-logind: got fd for /dev/input/event3 13:67 fd 24 paused 0
[    87.997] (**) VirtualPS/2 VMware VMMouse: always reports core events
[    87.997] (**) Option "Device" "/dev/input/event3"
[    87.997] (**) Option "_source" "server/udev"
[    87.999] (II) event3  - VirtualPS/2 VMware VMMouse: is tagged by udev as: Mouse
[    87.999] (II) event3  - VirtualPS/2 VMware VMMouse: device is a pointer
[    87.999] (II) event3  - VirtualPS/2 VMware VMMouse: device removed
[    87.999] (**) Option "config_info" "udev:/sys/devices/platform/i8042/serio1/input/input3/event3"
[    88.000] (II) XINPUT: Adding extended input device "VirtualPS/2 VMware VMMouse" (type: MOUSE, id 8)
[    88.000] (**) Option "AccelerationScheme" "none"
[    88.000] (**) VirtualPS/2 VMware VMMouse: (accel) selected scheme none/0
[    88.000] (**) VirtualPS/2 VMware VMMouse: (accel) acceleration factor: 2.000
[    88.000] (**) VirtualPS/2 VMware VMMouse: (accel) acceleration threshold: 4
[    88.007] (II) event3  - VirtualPS/2 VMware VMMouse: is tagged by udev as: Mouse
[    88.007] (II) event3  - VirtualPS/2 VMware VMMouse: device is a pointer
[    88.012] (II) config/udev: Adding input device VirtualPS/2 VMware VMMouse (/dev/input/mouse1)
[    88.012] (II) No input driver specified, ignoring this device.
[    88.012] (II) This device may have been added with another device file.
[    88.015] (II) config/udev: Adding input device VirtualPS/2 VMware VMMouse (/dev/input/event2)
[    88.016] (**) VirtualPS/2 VMware VMMouse: Applying InputClass "libinput pointer catchall"
[    88.016] (II) Using input driver 'libinput' for 'VirtualPS/2 VMware VMMouse'
[    88.023] (II) systemd-logind: got fd for /dev/input/event2 13:66 fd 25 paused 0
[    88.023] (**) VirtualPS/2 VMware VMMouse: always reports core events
[    88.023] (**) Option "Device" "/dev/input/event2"
[    88.023] (**) Option "_source" "server/udev"
[    88.029] (II) event2  - VirtualPS/2 VMware VMMouse: is tagged by udev as: Mouse
[    88.029] (II) event2  - VirtualPS/2 VMware VMMouse: device is a pointer
[    88.029] (II) event2  - VirtualPS/2 VMware VMMouse: device removed
[    88.030] (**) Option "config_info" "udev:/sys/devices/platform/i8042/serio1/input/input4/event2"
[    88.030] (II) XINPUT: Adding extended input device "VirtualPS/2 VMware VMMouse" (type: MOUSE, id 9)
[    88.030] (**) Option "AccelerationScheme" "none"
[    88.030] (**) VirtualPS/2 VMware VMMouse: (accel) selected scheme none/0
[    88.030] (**) VirtualPS/2 VMware VMMouse: (accel) acceleration factor: 2.000
[    88.030] (**) VirtualPS/2 VMware VMMouse: (accel) acceleration threshold: 4
[    88.032] (II) event2  - VirtualPS/2 VMware VMMouse: is tagged by udev as: Mouse
[    88.032] (II) event2  - VirtualPS/2 VMware VMMouse: device is a pointer
[    88.043] (II) config/udev: Adding input device VirtualPS/2 VMware VMMouse (/dev/input/mouse0)
[    88.043] (II) No input driver specified, ignoring this device.
[    88.043] (II) This device may have been added with another device file.
[   265.755] (**) Option "fd" "20"
[   265.755] (II) event0  - Power Button: device removed
[   265.755] (**) Option "fd" "23"
[   265.755] (II) event1  - AT Translated Set 2 keyboard: device removed
[   265.755] (**) Option "fd" "24"
[   265.755] (II) event3  - VirtualPS/2 VMware VMMouse: device removed
[   265.767] (**) Option "fd" "25"
[   265.767] (II) event2  - VirtualPS/2 VMware VMMouse: device removed
[   265.771] (II) UnloadModule: "libinput"
[   265.771] (II) systemd-logind: releasing fd for 13:66
[   265.935] (II) UnloadModule: "libinput"
[   265.935] (II) systemd-logind: releasing fd for 13:67
[   266.085] (II) UnloadModule: "libinput"
[   266.085] (II) systemd-logind: releasing fd for 13:65
[   266.092] (II) UnloadModule: "libinput"
[   266.092] (II) systemd-logind: releasing fd for 13:64
[   266.101] (WW) xf86CloseConsole: KDSETMODE failed: Input/output error
[   266.101] (WW) xf86CloseConsole: VT_GETMODE failed: Input/output error
[   266.101] (WW) xf86CloseConsole: VT_ACTIVATE failed: Input/output error
[   266.108] (II) Server terminated successfully (0). Closing log file.
